\BOOKMARK [0][-]{chapter*.1}{\376\377\000A\000b\000s\000t\000r\000a\000c\000t}{}% 1
\BOOKMARK [0][-]{chapter*.2}{\376\377\000L\000a\000y\000\040\000S\000u\000m\000m\000a\000r\000y}{}% 2
\BOOKMARK [0][-]{chapter*.3}{\376\377\000P\000r\000e\000f\000a\000c\000e}{}% 3
\BOOKMARK [0][-]{chapter*.4}{\376\377\000T\000a\000b\000l\000e\000\040\000o\000f\000\040\000C\000o\000n\000t\000e\000n\000t\000s}{}% 4
\BOOKMARK [0][-]{chapter*.5}{\376\377\000L\000i\000s\000t\000\040\000o\000f\000\040\000F\000i\000g\000u\000r\000e\000s}{}% 5
\BOOKMARK [0][-]{chapter*.6}{\376\377\000A\000c\000k\000n\000o\000w\000l\000e\000d\000g\000m\000e\000n\000t\000s}{}% 6
\BOOKMARK [0][-]{chapter.1}{\376\377\000I\000n\000t\000r\000o\000d\000u\000c\000t\000i\000o\000n}{}% 7
\BOOKMARK [0][-]{chapter.2}{\376\377\000O\000n\000e\000\040\000C\000o\000m\000p\000o\000n\000e\000n\000t\000\040\000M\000o\000d\000e\000l}{}% 8
\BOOKMARK [1][-]{section.2.1}{\376\377\000S\000t\000a\000t\000i\000c\000\040\000B\000i\000f\000u\000r\000c\000a\000t\000i\000o\000n\000s}{chapter.2}% 9
\BOOKMARK [1][-]{section.2.2}{\376\377\000S\000l\000o\000w\000l\000y\000\040\000V\000a\000r\000y\000i\000n\000g\000\040\000B\000i\000f\000u\000r\000c\000a\000t\000i\000o\000n\000\040\000P\000a\000r\000a\000m\000e\000t\000e\000r}{chapter.2}% 10
\BOOKMARK [2][-]{subsection.2.2.1}{\376\377\000S\000t\000a\000b\000i\000l\000i\000t\000y}{section.2.2}% 11
\BOOKMARK [1][-]{section.2.3}{\376\377\000H\000i\000g\000h\000\040\000F\000r\000e\000q\000u\000e\000n\000c\000y\000\040\000O\000s\000c\000i\000l\000l\000a\000t\000o\000r\000y\000\040\000F\000o\000r\000c\000i\000n\000g}{chapter.2}% 12
\BOOKMARK [2][-]{subsection.2.3.1}{\376\377\000C\000a\000s\000e\000\040\000I\000:\000\040\000v\000_\0000\000\050\000t\000\051\000\040\000-\000|\000A\000|}{section.2.3}% 13
\BOOKMARK [2][-]{subsection.2.3.2}{\376\377\000C\000a\000s\000e\000\040\000I\000I\000:\000\040\000|\000v\000_\0000\000\050\000t\000\051\000|\000<\000\040\000|\000A\000|}{section.2.3}% 14
\BOOKMARK [2][-]{subsection.2.3.3}{\376\377\000S\000t\000a\000b\000i\000l\000i\000t\000y}{section.2.3}% 15
\BOOKMARK [1][-]{section.2.4}{\376\377\000S\000l\000o\000w\000l\000y\000\040\000V\000a\000r\000y\000i\000n\000g\000\040\000a\000n\000d\000\040\000O\000s\000c\000i\000l\000l\000a\000t\000o\000r\000y\000\040\000F\000o\000r\000c\000i\000n\000g}{chapter.2}% 16
\BOOKMARK [2][-]{subsection.2.4.1}{\376\377\000C\000a\000s\000e\000\040\000I\000:\000\040\0001}{section.2.4}% 17
\BOOKMARK [2][-]{subsection.2.4.2}{\376\377\000C\000a\000s\000e\000\040\000I\000I\000:\000\040\000>\0001}{section.2.4}% 18
\BOOKMARK [2][-]{subsection.2.4.3}{\376\377\000S\000t\000a\000b\000i\000l\000i\000t\000y}{section.2.4}% 19
\BOOKMARK [0][-]{chapter.3}{\376\377\000T\000w\000o\000\040\000C\000o\000m\000p\000o\000n\000e\000n\000t\000\040\000M\000o\000d\000e\000l}{}% 20
\BOOKMARK [1][-]{section.3.1}{\376\377\000S\000l\000o\000w\000l\000y\000\040\000V\000a\000r\000y\000i\000n\000g\000\040\000B\000i\000f\000u\000r\000c\000a\000t\000i\000o\000n\000\040\000P\000a\000r\000a\000m\000e\000t\000e\000r}{chapter.3}% 21
\BOOKMARK [1][-]{section.3.2}{\376\377\000H\000i\000g\000h\000\040\000F\000r\000e\000q\000u\000e\000n\000c\000y\000\040\000O\000s\000c\000i\000l\000l\000a\000t\000o\000r\000y\000\040\000F\000o\000r\000c\000i\000n\000g}{chapter.3}% 22
\BOOKMARK [2][-]{subsection.3.2.1}{\376\377\000C\000a\000s\000e\000\040\000I\000:\000\040\000P\000_\0000\000\050\000t\000\051\000-\000|\000A\000|}{section.3.2}% 23
\BOOKMARK [2][-]{subsection.3.2.2}{\376\377\000C\000a\000s\000e\000\040\000I\000I\000:\000\040\000|\000P\000_\0000\000\050\000t\000\051\000|\000<\000|\000A\000|}{section.3.2}% 24
\BOOKMARK [2][-]{subsection.3.2.3}{\376\377\000S\000t\000a\000b\000i\000l\000i\000t\000y}{section.3.2}% 25
\BOOKMARK [1][-]{section.3.3}{\376\377\000S\000l\000o\000w\000\040\000V\000a\000r\000i\000a\000t\000i\000o\000n\000\040\000w\000i\000t\000h\000\040\000O\000s\000c\000i\000l\000l\000a\000t\000o\000r\000y\000\040\000F\000o\000r\000c\000i\000n\000g}{chapter.3}% 26
\BOOKMARK [2][-]{subsection.3.3.1}{\376\377\000C\000a\000s\000e\000\040\000I\000:\000\040\0001}{section.3.3}% 27
\BOOKMARK [2][-]{subsection.3.3.2}{\376\377\000C\000a\000s\000e\000\040\000I\000I\000:\000\040\000>\0001}{section.3.3}% 28
\BOOKMARK [2][-]{subsection.3.3.3}{\376\377\000S\000t\000a\000b\000i\000l\000i\000t\000y}{section.3.3}% 29
\BOOKMARK [0][-]{chapter.4}{\376\377\000S\000u\000m\000m\000a\000r\000y\000\040\000a\000n\000d\000\040\000F\000u\000t\000u\000r\000e\000\040\000W\000o\000r\000k}{}% 30
\BOOKMARK [0][-]{chapter*.65}{\376\377\000B\000i\000b\000l\000i\000o\000g\000r\000a\000p\000h\000y}{}% 31
\BOOKMARK [0][-]{appendix.A}{\376\377\000T\000h\000e\000\040\000S\000t\000o\000m\000m\000e\000l\000\040\000M\000o\000d\000e\000l}{}% 32
\BOOKMARK [0][-]{appendix.B}{\376\377\000O\000n\000e\000\040\000C\000o\000m\000p\000o\000n\000e\000n\000t}{}% 33
\BOOKMARK [0][-]{appendix.C}{\376\377\000T\000w\000o\000\040\000C\000o\000m\000p\000o\000n\000e\000n\000t}{}% 34
